Using pre-set license
Built from '2023.1/staging' branch; Version is '2023.1.13f1 (ffeab063bb93) revision 16771760'; Using compiler version '192829333'; Build Type 'Release'
OS: 'Windows 11  (10.0.22000) 64bit Core' Language: 'en' Physical Memory: 8129 MB
BatchMode: 1, IsHumanControllingUs: 0, StartBugReporterOnCrash: 0, Is64bit: 1, IsPro: 1

COMMAND LINE ARGUMENTS:
C:\Program Files\2023.1.13f1\Editor\Unity.exe
-adb2
-batchMode
-noUpm
-name
AssetImportWorker2
-projectPath
C:/Users/joeyf/OneDrive/Documents/GitHub/WingIt/Just wing it
-logFile
Logs/AssetImportWorker2.log
-srvPort
55684
Successfully changed project path to: C:/Users/joeyf/OneDrive/Documents/GitHub/WingIt/Just wing it
C:/Users/joeyf/OneDrive/Documents/GitHub/WingIt/Just wing it
[UnityMemory] Configuration Parameters - Can be set up in boot.config
    "memorysetup-bucket-allocator-granularity=16"
    "memorysetup-bucket-allocator-bucket-count=8"
    "memorysetup-bucket-allocator-block-size=33554432"
    "memorysetup-bucket-allocator-block-count=8"
    "memorysetup-main-allocator-block-size=16777216"
    "memorysetup-thread-allocator-block-size=16777216"
    "memorysetup-gfx-main-allocator-block-size=16777216"
    "memorysetup-gfx-thread-allocator-block-size=16777216"
    "memorysetup-cache-allocator-block-size=4194304"
    "memorysetup-typetree-allocator-block-size=2097152"
    "memorysetup-profiler-bucket-allocator-granularity=16"
    "memorysetup-profiler-bucket-allocator-bucket-count=8"
    "memorysetup-profiler-bucket-allocator-block-size=33554432"
    "memorysetup-profiler-bucket-allocator-block-count=8"
    "memorysetup-profiler-allocator-block-size=16777216"
    "memorysetup-profiler-editor-allocator-block-size=1048576"
    "memorysetup-temp-allocator-size-main=16777216"
    "memorysetup-job-temp-allocator-block-size=2097152"
    "memorysetup-job-temp-allocator-block-size-background=1048576"
    "memorysetup-job-temp-allocator-reduction-small-platforms=262144"
    "memorysetup-allocator-temp-initial-block-size-main=262144"
    "memorysetup-allocator-temp-initial-block-size-worker=262144"
    "memorysetup-temp-allocator-size-background-worker=32768"
    "memorysetup-temp-allocator-size-job-worker=262144"
    "memorysetup-temp-allocator-size-preload-manager=33554432"
    "memorysetup-temp-allocator-size-nav-mesh-worker=65536"
    "memorysetup-temp-allocator-size-audio-worker=65536"
    "memorysetup-temp-allocator-size-cloud-worker=32768"
    "memorysetup-temp-allocator-size-gi-baking-worker=262144"
    "memorysetup-temp-allocator-size-gfx=262144"
Player connection [35788] Host "[IP] 192.168.8.25 [Port] 0 [Flags] 2 [Guid] 1312703725 [EditorId] 1312703725 [Version] 1048832 [Id] WindowsEditor(7,DESKTOP-LSQAAVL) [Debug] 1 [PackageName] WindowsEditor [ProjectName] Editor" joined multi-casting on [225.0.0.222:54997]...

Player connection [35788] Host "[IP] 192.168.8.25 [Port] 0 [Flags] 2 [Guid] 1312703725 [EditorId] 1312703725 [Version] 1048832 [Id] WindowsEditor(7,DESKTOP-LSQAAVL) [Debug] 1 [PackageName] WindowsEditor [ProjectName] Editor" joined alternative multi-casting on [225.0.0.222:34997]...

[Physics::Module] Initialized MultithreadedJobDispatcher with 11 workers.
Library Redirect Path: Library/Refreshing native plugins compatible for Editor in 620.89 ms, found 3 plugins.
Preloading 0 native plugins for Editor in 0.00 ms.
Initialize engine version: 2023.1.13f1 (ffeab063bb93)
[Subsystems] Discovering subsystems at path C:/Program Files/2023.1.13f1/Editor/Data/Resources/UnitySubsystems
[Subsystems] Discovering subsystems at path C:/Users/joeyf/OneDrive/Documents/GitHub/WingIt/Just wing it/Assets
GfxDevice: creating device client; threaded=0; jobified=0
Direct3D:
    Version:  Direct3D 11.0 [level 11.1]
    Renderer: NVIDIA GeForce GTX 1660 Ti (ID=0x2182)
    Vendor:   NVIDIA
    VRAM:     5979 MB
    Driver:   31.0.15.2756
Initialize mono
Mono path[0] = 'C:/Program Files/2023.1.13f1/Editor/Data/Managed'
Mono path[1] = 'C:/Program Files/2023.1.13f1/Editor/Data/MonoBleedingEdge/lib/mono/unityjit-win32'
Mono config path = 'C:/Program Files/2023.1.13f1/Editor/Data/MonoBleedingEdge/etc'
Using monoOptions --debugger-agent=transport=dt_socket,embedding=1,server=y,suspend=n,address=127.0.0.1:56856
Begin MonoManager ReloadAssembly
C:\build\output\Unity-Technologies\mono\mono\metadata\icall.c:1842:
C:\build\output\Unity-Technologies\mono\mono\metadata\icall.c:1842:
C:\build\output\Unity-Technologies\mono\mono\metadata\icall.c:1842:
C:\build\output\Unity-Technologies\mono\mono\metadata\icall.c:1842:
C:\build\output\Unity-Technologies\mono\mono\metadata\icall.c:1842:
C:\build\output\Unity-Technologies\mono\mono\metadata\icall.c:1842:
C:\build\output\Unity-Technologies\mono\mono\metadata\icall.c:1842:
C:\build\output\Unity-Technologies\mono\mono\metadata\icall.c:1842:
C:\build\output\Unity-Technologies\mono\mono\metadata\icall.c:1842:
C:\build\output\Unity-Technologies\mono\mono\metadata\icall.c:1842:
Registering precompiled unity dll's ...
Register platform support module: C:/Program Files/2023.1.13f1/Editor/Data/PlaybackEngines/WindowsStandaloneSupport/UnityEditor.WindowsStandalone.Extensions.dll
Registered in 0.004192 seconds.
- Loaded All Assemblies, in  1.641 seconds
Native extension for WindowsStandalone target not found
Mono: successfully reloaded assembly
C:\build\output\Unity-Technologies\mono\mono\metadata\icall.c:1842:
C:\build\output\Unity-Technologies\mono\mono\metadata\icall.c:1842:
- Finished resetting the current domain, in  0.326 seconds
Domain Reload Profiling: 1965ms
	BeginReloadAssembly (384ms)
		ExecutionOrderSort (0ms)
		DisableScriptedObjects (0ms)
		BackupInstance (0ms)
		ReleaseScriptingObjects (0ms)
		CreateAndSetChildDomain (1ms)
	RebuildCommonClasses (667ms)
	RebuildNativeTypeToScriptingClass (16ms)
	initialDomainReloadingComplete (51ms)
	LoadAllAssembliesAndSetupDomain (521ms)
		LoadAssemblies (382ms)
		RebuildTransferFunctionScriptingTraits (0ms)
		AnalyzeDomain (515ms)
			TypeCache.Refresh (514ms)
				TypeCache.ScanAssembly (401ms)
			ScanForSourceGeneratedMonoScriptInfo (0ms)
			ResolveRequiredComponents (1ms)
	FinalizeReload (326ms)
		ReleaseScriptCaches (0ms)
		RebuildScriptCaches (0ms)
		SetupLoadedEditorAssemblies (286ms)
			LogAssemblyErrors (0ms)
			InitializePlatformSupportModulesInManaged (7ms)
			SetLoadedEditorAssemblies (4ms)
			BeforeProcessingInitializeOnLoad (6ms)
			ProcessInitializeOnLoadAttributes (166ms)
			ProcessInitializeOnLoadMethodAttributes (102ms)
			AfterProcessingInitializeOnLoad (0ms)
			EditorAssembliesLoaded (0ms)
		ExecutionOrderSort2 (0ms)
		AwakeInstancesAfterBackupRestoration (0ms)
========================================================================
Worker process is ready to serve import requests
Import Worker Mode flag is 0x00
Begin MonoManager ReloadAssembly
C:\build\output\Unity-Technologies\mono\mono\metadata\icall.c:1842:
C:\build\output\Unity-Technologies\mono\mono\metadata\icall.c:1842:
C:\build\output\Unity-Technologies\mono\mono\metadata\icall.c:1842:
C:\build\output\Unity-Technologies\mono\mono\metadata\icall.c:1842:
C:\build\output\Unity-Technologies\mono\mono\metadata\icall.c:1842:
C:\build\output\Unity-Technologies\mono\mono\metadata\icall.c:1842:
C:\build\output\Unity-Technologies\mono\mono\metadata\icall.c:1842:
C:\build\output\Unity-Technologies\mono\mono\metadata\icall.c:1842:
C:\build\output\Unity-Technologies\mono\mono\metadata\icall.c:1842:
C:\build\output\Unity-Technologies\mono\mono\metadata\icall.c:1842:
C:\build\output\Unity-Technologies\mono\mono\metadata\icall.c:1842:
C:\build\output\Unity-Technologies\mono\mono\metadata\icall.c:1842:
Symbol file LoadedFromMemory doesn't match image C:\Users\joeyf\OneDrive\Documents\GitHub\WingIt\Just wing it\Library\PackageCache\com.unity.visualscripting@1.8.0\Editor\VisualScripting.Core\Dependencies\YamlDotNet\Unity.VisualScripting.YamlDotNet.dll
Symbol file LoadedFromMemory doesn't match image C:\Users\joeyf\OneDrive\Documents\GitHub\WingIt\Just wing it\Library\PackageCache\com.unity.visualscripting@1.8.0\Editor\VisualScripting.Core\Dependencies\DotNetZip\Unity.VisualScripting.IonicZip.dll
- Loaded All Assemblies, in  1.118 seconds
Refreshing native plugins compatible for Editor in 2.57 ms, found 3 plugins.
Native extension for WindowsStandalone target not found
[ScriptCompilation] NOT recompiling all scripts because this is an import worker process. Reason to compile was: Define symbols changed
Mono: successfully reloaded assembly
- Finished resetting the current domain, in  0.708 seconds
Domain Reload Profiling: 1824ms
	BeginReloadAssembly (436ms)
		ExecutionOrderSort (0ms)
		DisableScriptedObjects (6ms)
		BackupInstance (0ms)
		ReleaseScriptingObjects (0ms)
		CreateAndSetChildDomain (25ms)
	RebuildCommonClasses (34ms)
	RebuildNativeTypeToScriptingClass (15ms)
	initialDomainReloadingComplete (38ms)
	LoadAllAssembliesAndSetupDomain (592ms)
		LoadAssemblies (502ms)
		RebuildTransferFunctionScriptingTraits (0ms)
		AnalyzeDomain (283ms)
			TypeCache.Refresh (267ms)
				TypeCache.ScanAssembly (256ms)
			ScanForSourceGeneratedMonoScriptInfo (12ms)
			ResolveRequiredComponents (3ms)
	FinalizeReload (709ms)
		ReleaseScriptCaches (0ms)
		RebuildScriptCaches (0ms)
		SetupLoadedEditorAssemblies (534ms)
			LogAssemblyErrors (0ms)
			InitializePlatformSupportModulesInManaged (5ms)
			SetLoadedEditorAssemblies (3ms)
			BeforeProcessingInitializeOnLoad (60ms)
			ProcessInitializeOnLoadAttributes (440ms)
			ProcessInitializeOnLoadMethodAttributes (20ms)
			AfterProcessingInitializeOnLoad (6ms)
			EditorAssembliesLoaded (0ms)
		ExecutionOrderSort2 (0ms)
		AwakeInstancesAfterBackupRestoration (6ms)
Launched and connected shader compiler UnityShaderCompiler.exe after 0.06 seconds
Refreshing native plugins compatible for Editor in 4.82 ms, found 3 plugins.
Preloading 0 native plugins for Editor in 0.00 ms.
Unloading 3235 Unused Serialized files (Serialized files now loaded: 0)
Unloading 43 unused Assets / (1.0 MB). Loaded Objects now: 3779.
Memory consumption went from 146.1 MB to 145.1 MB.
Total: 4.507600 ms (FindLiveObjects: 0.370000 ms CreateObjectMapping: 0.118400 ms MarkObjects: 3.677000 ms  DeleteObjects: 0.341000 ms)

AssetImportParameters requested are different than current active one (requested -> active):
  custom:video-decoder-webm-vp8: 9c59270c3fd7afecdb556c50c9e8de78 -> 
  custom:SearchIndexIgnoredProperties: e643bd26f0fe6173181afceb89e7c659 -> 
  custom:audio-encoder-webm-vorbis: bf7c407c2cedff20999df2af8eb42d56 -> 
  custom:AudioImporter_EditorPlatform: d09bf68614088b80899f8185d706f6e7 -> 
  custom:audio-decoder-ogg-vorbis: bf7c407c2cedff20999df2af8eb42d56 -> 
  custom:video-encoder-webm-vp8: eb34c28f22e8b96e1ab97ce403110664 -> 
  custom:container-demuxer-ogg: 62fdf1f143b41e24485cea50d1cbac27 -> 
  custom:framework-win-MediaFoundation: 216162199b28c13a410421893ffa2e32 -> 
  custom:video-decoder-ogg-theora: a1e56fd34408186e4bbccfd4996cb3dc -> 
  custom:container-muxer-webm: aa71ff27fc2769a1b78a27578f13a17b -> 
  custom:video-codec-MediaFoundation-h265: 746d11721c4dcdbdad8f713fa42b33f4 -> 
  custom:CustomObjectIndexerAttribute: 756ad292c208cfabdd7b50bc23989ffe -> 
  custom:container-demuxer-webm: 4f35f7cbe854078d1ac9338744f61a02 -> 
========================================================================
Received Import Request.
  Time since last request: 2610086.055386 seconds.
  path: Assets/Materials/Leaf.mat
  artifactKey: Guid(582eeab672cfa1c40b8355bed259317a) Importer(815301076,1909f56bfc062723c751e8b465ee728b)
Start importing Assets/Materials/Leaf.mat using Guid(582eeab672cfa1c40b8355bed259317a) Importer(815301076,1909f56bfc062723c751e8b465ee728b)  -> (artifact id: '43a9f4e0c326aea8ecda481f6220bd73') in 0.198571 seconds
Number of updated asset objects reloaded before import = 0
Number of asset objects unloaded after import = 2
========================================================================
Received Import Request.
  Time since last request: 0.008943 seconds.
  path: Assets/Materials/Trunk.mat
  artifactKey: Guid(c8e78790815e3c84796c20109ab5fdf7) Importer(815301076,1909f56bfc062723c751e8b465ee728b)
Start importing Assets/Materials/Trunk.mat using Guid(c8e78790815e3c84796c20109ab5fdf7) Importer(815301076,1909f56bfc062723c751e8b465ee728b)  -> (artifact id: 'b879756c6b5c402610de8e5e3eb83bb4') in 0.023366 seconds
Number of updated asset objects reloaded before import = 0
Number of asset objects unloaded after import = 1
========================================================================
Received Import Request.
  Time since last request: 0.000060 seconds.
  path: Assets/Materials/Skybox.mat
  artifactKey: Guid(f0d846d7d0726ec47af9d3985e497eea) Importer(815301076,1909f56bfc062723c751e8b465ee728b)
Start importing Assets/Materials/Skybox.mat using Guid(f0d846d7d0726ec47af9d3985e497eea) Importer(815301076,1909f56bfc062723c751e8b465ee728b)  -> (artifact id: 'c7696fe975273c41a67941e452e2f503') in 0.015948 seconds
Number of updated asset objects reloaded before import = 0
Number of asset objects unloaded after import = 1
========================================================================
Received Import Request.
  Time since last request: 0.712188 seconds.
  path: Assets/Scenes/SampleScene_Profiles
  artifactKey: Guid(8f1993ac72d112a44bfd9593c8759843) Importer(2089858483,0ecaa5967403d082aa24f35e1b516d23)
Start importing Assets/Scenes/SampleScene_Profiles using Guid(8f1993ac72d112a44bfd9593c8759843) Importer(2089858483,0ecaa5967403d082aa24f35e1b516d23) Generated GUIDs only implemented for interfaces!
 -> (artifact id: '9c2b84a4e651ba2c45630139ec953b7d') in 0.059000 seconds
Number of updated asset objects reloaded before import = 0
Number of asset objects unloaded after import = 1
========================================================================
Received Import Request.
  Time since last request: 0.000054 seconds.
  path: Assets/Materials/Trunk.mat
  artifactKey: Guid(c8e78790815e3c84796c20109ab5fdf7) Importer(2089858483,0ecaa5967403d082aa24f35e1b516d23)
Start importing Assets/Materials/Trunk.mat using Guid(c8e78790815e3c84796c20109ab5fdf7) Importer(2089858483,0ecaa5967403d082aa24f35e1b516d23) Generated GUIDs only implemented for interfaces!
 -> (artifact id: '3aecf6c8d4360ac408a503de1ee31dd4') in 0.120642 seconds
Number of updated asset objects reloaded before import = 0
Number of asset objects unloaded after import = 1
========================================================================
Received Import Request.
  Time since last request: 0.000055 seconds.
  path: Assets/Materials/Leaf.mat
  artifactKey: Guid(582eeab672cfa1c40b8355bed259317a) Importer(2089858483,0ecaa5967403d082aa24f35e1b516d23)
Start importing Assets/Materials/Leaf.mat using Guid(582eeab672cfa1c40b8355bed259317a) Importer(2089858483,0ecaa5967403d082aa24f35e1b516d23) Generated GUIDs only implemented for interfaces!
 -> (artifact id: '0f0ada4a89a4fe84c937c623c90665d9') in 0.018293 seconds
Number of updated asset objects reloaded before import = 0
Number of asset objects unloaded after import = 2
========================================================================
Received Import Request.
  Time since last request: 0.000021 seconds.
  path: Assets/Materials/Skybox.mat
  artifactKey: Guid(f0d846d7d0726ec47af9d3985e497eea) Importer(2089858483,0ecaa5967403d082aa24f35e1b516d23)
Start importing Assets/Materials/Skybox.mat using Guid(f0d846d7d0726ec47af9d3985e497eea) Importer(2089858483,0ecaa5967403d082aa24f35e1b516d23) Generated GUIDs only implemented for interfaces!
 -> (artifact id: 'e10cbf9c63bd1065ca188b96dd38e830') in 0.041164 seconds
Number of updated asset objects reloaded before import = 0
Number of asset objects unloaded after import = 1
========================================================================
Received Import Request.
  Time since last request: 0.000019 seconds.
  path: Assets/Materials/New Material.mat
  artifactKey: Guid(3d99bb3ca65e15648849be067451902f) Importer(2089858483,0ecaa5967403d082aa24f35e1b516d23)
Start importing Assets/Materials/New Material.mat using Guid(3d99bb3ca65e15648849be067451902f) Importer(2089858483,0ecaa5967403d082aa24f35e1b516d23) Generated GUIDs only implemented for interfaces!
 -> (artifact id: '0581257b7f15484818647a009ce02121') in 0.012338 seconds
Number of updated asset objects reloaded before import = 0
Number of asset objects unloaded after import = 2
========================================================================
Received Import Request.
  Time since last request: 9.432328 seconds.
  path: Assets/Scenes/SampleScene_Profiles/Camera Profile.asset
  artifactKey: Guid(b3f306eef64d33c47a9e19cb34ca9a16) Importer(2089858483,0ecaa5967403d082aa24f35e1b516d23)
Start importing Assets/Scenes/SampleScene_Profiles/Camera Profile.asset using Guid(b3f306eef64d33c47a9e19cb34ca9a16) Importer(2089858483,0ecaa5967403d082aa24f35e1b516d23) Generated GUIDs only implemented for interfaces!
 -> (artifact id: 'd1fe2d2a8eb379d4b21d66608b4bbbc5') in 0.023301 seconds
Number of updated asset objects reloaded before import = 0
Number of asset objects unloaded after import = 2
========================================================================
Received Import Request.
  Time since last request: 35.406177 seconds.
  path: Assets/Scenes/SampleScene_Profiles/Camera Profile.asset
  artifactKey: Guid(b3f306eef64d33c47a9e19cb34ca9a16) Importer(2089858483,0ecaa5967403d082aa24f35e1b516d23)
Start importing Assets/Scenes/SampleScene_Profiles/Camera Profile.asset using Guid(b3f306eef64d33c47a9e19cb34ca9a16) Importer(2089858483,0ecaa5967403d082aa24f35e1b516d23) Generated GUIDs only implemented for interfaces!
 -> (artifact id: 'e9f06f2192692d66f138f7d899b5c6b4') in 0.024939 seconds
Number of updated asset objects reloaded before import = 0
Number of asset objects unloaded after import = 3
========================================================================
Received Import Request.
  Time since last request: 187.476652 seconds.
  path: Assets/Textures/New Project (4) (1).png
  artifactKey: Guid(56c279d5bf621a348b093ade6d5065be) Importer(815301076,1909f56bfc062723c751e8b465ee728b)
Start importing Assets/Textures/New Project (4) (1).png using Guid(56c279d5bf621a348b093ade6d5065be) Importer(815301076,1909f56bfc062723c751e8b465ee728b)  -> (artifact id: 'af6cd1932f7f569f4189a70a93def25e') in 0.096232 seconds
Number of updated asset objects reloaded before import = 0
Number of asset objects unloaded after import = 2
========================================================================
Received Import Request.
  Time since last request: 0.873901 seconds.
  path: Assets/Textures/New Project (4) (1).png
  artifactKey: Guid(56c279d5bf621a348b093ade6d5065be) Importer(2089858483,0ecaa5967403d082aa24f35e1b516d23)
Start importing Assets/Textures/New Project (4) (1).png using Guid(56c279d5bf621a348b093ade6d5065be) Importer(2089858483,0ecaa5967403d082aa24f35e1b516d23) Generated GUIDs only implemented for interfaces!
 -> (artifact id: '71da81c716f6ad26e44b70d9bcde2a79') in 0.111333 seconds
Number of updated asset objects reloaded before import = 0
Number of asset objects unloaded after import = 1
========================================================================
Received Import Request.
  Time since last request: 7.045531 seconds.
  path: Assets/Textures/New Project (4) (1).png
  artifactKey: Guid(56c279d5bf621a348b093ade6d5065be) Importer(815301076,1909f56bfc062723c751e8b465ee728b)
Start importing Assets/Textures/New Project (4) (1).png using Guid(56c279d5bf621a348b093ade6d5065be) Importer(815301076,1909f56bfc062723c751e8b465ee728b)  -> (artifact id: '117c37d90ff6fffdba19617f85944c1a') in 0.047207 seconds
Number of updated asset objects reloaded before import = 0
Number of asset objects unloaded after import = 2
========================================================================
Received Import Request.
  Time since last request: 0.936293 seconds.
  path: Assets/Textures/New Project (4) (1).png
  artifactKey: Guid(56c279d5bf621a348b093ade6d5065be) Importer(2089858483,0ecaa5967403d082aa24f35e1b516d23)
Start importing Assets/Textures/New Project (4) (1).png using Guid(56c279d5bf621a348b093ade6d5065be) Importer(2089858483,0ecaa5967403d082aa24f35e1b516d23) Generated GUIDs only implemented for interfaces!
 -> (artifact id: 'fbbf63e6d967f9519703151d8feb5902') in 0.019483 seconds
Number of updated asset objects reloaded before import = 0
Number of asset objects unloaded after import = 1
========================================================================
Received Import Request.
  Time since last request: 114.092187 seconds.
  path: Assets/Textures/New Project (5).png
  artifactKey: Guid(9225cd28f0695164980138ce695b892b) Importer(815301076,1909f56bfc062723c751e8b465ee728b)
Start importing Assets/Textures/New Project (5).png using Guid(9225cd28f0695164980138ce695b892b) Importer(815301076,1909f56bfc062723c751e8b465ee728b)  -> (artifact id: '16944d891fc24d7b58ac5f7acc34a143') in 0.040537 seconds
Number of updated asset objects reloaded before import = 0
Number of asset objects unloaded after import = 2
========================================================================
Received Import Request.
  Time since last request: 0.949221 seconds.
  path: Assets/Textures/New Project (5).png
  artifactKey: Guid(9225cd28f0695164980138ce695b892b) Importer(2089858483,0ecaa5967403d082aa24f35e1b516d23)
Start importing Assets/Textures/New Project (5).png using Guid(9225cd28f0695164980138ce695b892b) Importer(2089858483,0ecaa5967403d082aa24f35e1b516d23) Generated GUIDs only implemented for interfaces!
 -> (artifact id: '4ee475315eca12ec05a187227b9f9465') in 0.039561 seconds
Number of updated asset objects reloaded before import = 0
Number of asset objects unloaded after import = 1
========================================================================
Received Import Request.
  Time since last request: 141.646782 seconds.
  path: Assets/Textures/New Project (5).png
  artifactKey: Guid(9225cd28f0695164980138ce695b892b) Importer(815301076,1909f56bfc062723c751e8b465ee728b)
Start importing Assets/Textures/New Project (5).png using Guid(9225cd28f0695164980138ce695b892b) Importer(815301076,1909f56bfc062723c751e8b465ee728b)  -> (artifact id: '7665e78af6d79b3edf56fe2b5cbf4e76') in 0.051183 seconds
Number of updated asset objects reloaded before import = 0
Number of asset objects unloaded after import = 2
========================================================================
Received Import Request.
  Time since last request: 0.926263 seconds.
  path: Assets/Textures/New Project (5).png
  artifactKey: Guid(9225cd28f0695164980138ce695b892b) Importer(2089858483,0ecaa5967403d082aa24f35e1b516d23)
Start importing Assets/Textures/New Project (5).png using Guid(9225cd28f0695164980138ce695b892b) Importer(2089858483,0ecaa5967403d082aa24f35e1b516d23) Generated GUIDs only implemented for interfaces!
 -> (artifact id: '7370d7c701ebc9ecd8370b703367ef53') in 0.019822 seconds
Number of updated asset objects reloaded before import = 0
Number of asset objects unloaded after import = 1
========================================================================
Received Import Request.
  Time since last request: 86.775476 seconds.
  path: Assets/Textures/New Project (6).png
  artifactKey: Guid(fd021d9234504f44fa1528e6bcf933e5) Importer(815301076,1909f56bfc062723c751e8b465ee728b)
Start importing Assets/Textures/New Project (6).png using Guid(fd021d9234504f44fa1528e6bcf933e5) Importer(815301076,1909f56bfc062723c751e8b465ee728b)  -> (artifact id: '085d8111a8f5b012001a787177c2ccef') in 0.145115 seconds
Number of updated asset objects reloaded before import = 0
Number of asset objects unloaded after import = 2
========================================================================
Received Import Request.
  Time since last request: 0.748668 seconds.
  path: Assets/Textures/New Project (6).png
  artifactKey: Guid(fd021d9234504f44fa1528e6bcf933e5) Importer(2089858483,0ecaa5967403d082aa24f35e1b516d23)
Start importing Assets/Textures/New Project (6).png using Guid(fd021d9234504f44fa1528e6bcf933e5) Importer(2089858483,0ecaa5967403d082aa24f35e1b516d23) Generated GUIDs only implemented for interfaces!
 -> (artifact id: '1c2cdaf8ff04e295a83cc35dca475508') in 0.073424 seconds
Number of updated asset objects reloaded before import = 0
Number of asset objects unloaded after import = 1
========================================================================
Received Import Request.
  Time since last request: 5.039869 seconds.
  path: Assets/Textures/New Project (6).png
  artifactKey: Guid(fd021d9234504f44fa1528e6bcf933e5) Importer(815301076,1909f56bfc062723c751e8b465ee728b)
Start importing Assets/Textures/New Project (6).png using Guid(fd021d9234504f44fa1528e6bcf933e5) Importer(815301076,1909f56bfc062723c751e8b465ee728b)  -> (artifact id: '91788803b152b0a3683f9180f48c0b38') in 0.015240 seconds
Number of updated asset objects reloaded before import = 0
Number of asset objects unloaded after import = 2
========================================================================
Received Import Request.
  Time since last request: 0.969715 seconds.
  path: Assets/Textures/New Project (6).png
  artifactKey: Guid(fd021d9234504f44fa1528e6bcf933e5) Importer(2089858483,0ecaa5967403d082aa24f35e1b516d23)
Start importing Assets/Textures/New Project (6).png using Guid(fd021d9234504f44fa1528e6bcf933e5) Importer(2089858483,0ecaa5967403d082aa24f35e1b516d23) Generated GUIDs only implemented for interfaces!
 -> (artifact id: '915a7cda7564ef844da29a0195bab9ee') in 0.046992 seconds
Number of updated asset objects reloaded before import = 0
Number of asset objects unloaded after import = 1
========================================================================
Received Import Request.
  Time since last request: 118.739263 seconds.
  path: Assets/Textures/New Project (7).png
  artifactKey: Guid(cf3f965dba0467f45996a20c366a2cf8) Importer(815301076,1909f56bfc062723c751e8b465ee728b)
Start importing Assets/Textures/New Project (7).png using Guid(cf3f965dba0467f45996a20c366a2cf8) Importer(815301076,1909f56bfc062723c751e8b465ee728b)  -> (artifact id: '71f37e59023fc228634ef897220f2a0a') in 0.052734 seconds
Number of updated asset objects reloaded before import = 0
Number of asset objects unloaded after import = 2
========================================================================
Received Import Request.
  Time since last request: 0.929433 seconds.
  path: Assets/Textures/New Project (7).png
  artifactKey: Guid(cf3f965dba0467f45996a20c366a2cf8) Importer(2089858483,0ecaa5967403d082aa24f35e1b516d23)
Start importing Assets/Textures/New Project (7).png using Guid(cf3f965dba0467f45996a20c366a2cf8) Importer(2089858483,0ecaa5967403d082aa24f35e1b516d23) Generated GUIDs only implemented for interfaces!
 -> (artifact id: '5257f6fd088f99a5d95c64cc8c1c6580') in 0.173208 seconds
Number of updated asset objects reloaded before import = 0
Number of asset objects unloaded after import = 1
========================================================================
Received Import Request.
  Time since last request: 33.608057 seconds.
  path: Assets/Textures/New Project (7).png
  artifactKey: Guid(cf3f965dba0467f45996a20c366a2cf8) Importer(815301076,1909f56bfc062723c751e8b465ee728b)
Start importing Assets/Textures/New Project (7).png using Guid(cf3f965dba0467f45996a20c366a2cf8) Importer(815301076,1909f56bfc062723c751e8b465ee728b)  -> (artifact id: '292f64b4598a5b5dfeedb093861b740f') in 0.117409 seconds
Number of updated asset objects reloaded before import = 0
Number of asset objects unloaded after import = 2
========================================================================
Received Import Request.
  Time since last request: 0.845074 seconds.
  path: Assets/Textures/New Project (7).png
  artifactKey: Guid(cf3f965dba0467f45996a20c366a2cf8) Importer(2089858483,0ecaa5967403d082aa24f35e1b516d23)
Start importing Assets/Textures/New Project (7).png using Guid(cf3f965dba0467f45996a20c366a2cf8) Importer(2089858483,0ecaa5967403d082aa24f35e1b516d23) Generated GUIDs only implemented for interfaces!
 -> (artifact id: '2e8112e5ab2b3f7e08c8b768e1caeecd') in 0.049626 seconds
Number of updated asset objects reloaded before import = 0
Number of asset objects unloaded after import = 1
========================================================================
Received Import Request.
  Time since last request: 6.466664 seconds.
  path: Assets/Textures/New Project (7).png
  artifactKey: Guid(cf3f965dba0467f45996a20c366a2cf8) Importer(815301076,1909f56bfc062723c751e8b465ee728b)
Start importing Assets/Textures/New Project (7).png using Guid(cf3f965dba0467f45996a20c366a2cf8) Importer(815301076,1909f56bfc062723c751e8b465ee728b)  -> (artifact id: 'b619a2f58a7fc0cd0d435f3e023d4e55') in 0.161218 seconds
Number of updated asset objects reloaded before import = 0
Number of asset objects unloaded after import = 2
========================================================================
Received Import Request.
  Time since last request: 0.825446 seconds.
  path: Assets/Textures/New Project (7).png
  artifactKey: Guid(cf3f965dba0467f45996a20c366a2cf8) Importer(2089858483,0ecaa5967403d082aa24f35e1b516d23)
Start importing Assets/Textures/New Project (7).png using Guid(cf3f965dba0467f45996a20c366a2cf8) Importer(2089858483,0ecaa5967403d082aa24f35e1b516d23) Generated GUIDs only implemented for interfaces!
 -> (artifact id: '75e338aa85293cab25d10e75730a15bb') in 0.097770 seconds
Number of updated asset objects reloaded before import = 0
Number of asset objects unloaded after import = 1
========================================================================
Received Import Request.
  Time since last request: 21.387249 seconds.
  path: Assets/Textures/New Project (7).png
  artifactKey: Guid(cf3f965dba0467f45996a20c366a2cf8) Importer(815301076,1909f56bfc062723c751e8b465ee728b)
Start importing Assets/Textures/New Project (7).png using Guid(cf3f965dba0467f45996a20c366a2cf8) Importer(815301076,1909f56bfc062723c751e8b465ee728b)  -> (artifact id: '6c5d991c22caa4a692adb2e18667fc64') in 0.074930 seconds
Number of updated asset objects reloaded before import = 0
Number of asset objects unloaded after import = 2
========================================================================
Received Import Request.
  Time since last request: 0.905404 seconds.
  path: Assets/Textures/New Project (7).png
  artifactKey: Guid(cf3f965dba0467f45996a20c366a2cf8) Importer(2089858483,0ecaa5967403d082aa24f35e1b516d23)
Start importing Assets/Textures/New Project (7).png using Guid(cf3f965dba0467f45996a20c366a2cf8) Importer(2089858483,0ecaa5967403d082aa24f35e1b516d23) Generated GUIDs only implemented for interfaces!
 -> (artifact id: 'ae10f100ce5495b488c30ba9fab1233f') in 0.059577 seconds
Number of updated asset objects reloaded before import = 0
Number of asset objects unloaded after import = 1
========================================================================
Received Import Request.
  Time since last request: 3.024044 seconds.
  path: Assets/Textures/New Project (7).png
  artifactKey: Guid(cf3f965dba0467f45996a20c366a2cf8) Importer(815301076,1909f56bfc062723c751e8b465ee728b)
Start importing Assets/Textures/New Project (7).png using Guid(cf3f965dba0467f45996a20c366a2cf8) Importer(815301076,1909f56bfc062723c751e8b465ee728b)  -> (artifact id: 'e3d0e11ec12b7aa5ba3421b7000c3389') in 0.075173 seconds
Number of updated asset objects reloaded before import = 0
Number of asset objects unloaded after import = 2
========================================================================
Received Import Request.
  Time since last request: 0.877551 seconds.
  path: Assets/Textures/New Project (7).png
  artifactKey: Guid(cf3f965dba0467f45996a20c366a2cf8) Importer(2089858483,0ecaa5967403d082aa24f35e1b516d23)
Start importing Assets/Textures/New Project (7).png using Guid(cf3f965dba0467f45996a20c366a2cf8) Importer(2089858483,0ecaa5967403d082aa24f35e1b516d23) Generated GUIDs only implemented for interfaces!
 -> (artifact id: 'e24da0227d3e12871a4480eeb6309d34') in 0.021375 seconds
Number of updated asset objects reloaded before import = 0
Number of asset objects unloaded after import = 1
========================================================================
Received Import Request.
  Time since last request: 152.631249 seconds.
  path: Assets/Materials/New Material.mat
  artifactKey: Guid(3d99bb3ca65e15648849be067451902f) Importer(2089858483,0ecaa5967403d082aa24f35e1b516d23)
Start importing Assets/Materials/New Material.mat using Guid(3d99bb3ca65e15648849be067451902f) Importer(2089858483,0ecaa5967403d082aa24f35e1b516d23) Generated GUIDs only implemented for interfaces!
 -> (artifact id: '090c3d93612a3786f53358aead362f15') in 3.445508 seconds
Number of updated asset objects reloaded before import = 0
Number of asset objects unloaded after import = 2
